#
# There is insufficient memory for the Java Runtime Environment to continue.
# Native memory allocation (malloc) failed to allocate 1048576 bytes for AllocateHeap
# Possible reasons:
#   The system is out of physical RAM or swap space
#   In 32 bit mode, the process size limit was hit
# Possible solutions:
#   Reduce memory load on the system
#   Increase physical memory or swap space
#   Check if swap backing store is full
#   Use 64 bit Java on a 64 bit OS
#   Decrease Java heap size (-Xmx/-Xms)
#   Decrease number of Java threads
#   Decrease Java thread stack sizes (-Xss)
#   Set larger code cache with -XX:ReservedCodeCacheSize=
# This output file may be truncated or incomplete.
#
#  Out of Memory Error (memory/allocation.inline.hpp:61), pid=12724, tid=12760
#
# JRE version:  (8.0_45-b15) (build )
# Java VM: Java HotSpot(TM) 64-Bit Server VM (25.45-b02 mixed mode windows-amd64 compressed oops)
# Failed to write core dump. Minidumps are not enabled by default on client versions of Windows
#

---------------  T H R E A D  ---------------

Current thread (0x000000000212d800):  JavaThread "Unknown thread" [_thread_in_vm, id=12760, stack(0x0000000002410000,0x0000000002510000)]

Stack: [0x0000000002410000,0x0000000002510000]
Native frames: (J=compiled Java code, j=interpreted, Vv=VM code, C=native code)
V  [jvm.dll+0x32b57a]
V  [jvm.dll+0x279873]
V  [jvm.dll+0x27a509]
V  [jvm.dll+0x271825]
V  [jvm.dll+0x1606]
V  [jvm.dll+0x3c08c2]
V  [jvm.dll+0x3eecb2]
V  [jvm.dll+0x3ef1bc]
V  [jvm.dll+0x3ea7a7]
V  [jvm.dll+0xf2cf2]
V  [jvm.dll+0x20f0c9]
V  [jvm.dll+0x240e0a]
V  [jvm.dll+0x15ba41]
C  [java.exe+0x216e]
C  [java.exe+0xcce7]
C  [java.exe+0xcd7b]
C  [kernel32.dll+0x1f56d]
C  [ntdll.dll+0x33281]


---------------  P R O C E S S  ---------------

Java Threads: ( => current thread )

Other Threads:

=>0x000000000212d800 (exited) JavaThread "Unknown thread" [_thread_in_vm, id=12760, stack(0x0000000002410000,0x0000000002510000)]

VM state:not at safepoint (normal execution)

VM Mutex/Monitor currently owned by a thread: None

Heap:
 PSYoungGen      total 18944K, used 327K [0x00000000eb380000, 0x00000000ec880000, 0x0000000100000000)
  eden space 16384K, 2% used [0x00000000eb380000,0x00000000eb3d1ec8,0x00000000ec380000)
  from space 2560K, 0% used [0x00000000ec600000,0x00000000ec600000,0x00000000ec880000)
  to   space 2560K, 0% used [0x00000000ec380000,0x00000000ec380000,0x00000000ec600000)
 ParOldGen       total 44032K, used 0K [0x00000000c1a00000, 0x00000000c4500000, 0x00000000eb380000)
  object space 44032K, 0% used [0x00000000c1a00000,0x00000000c1a00000,0x00000000c4500000)
 Metaspace       used 766K, capacity 4480K, committed 4480K, reserved 1056768K
  class space    used 75K, capacity 384K, committed 384K, reserved 1048576K

Card table byte_map: [0x0000000011ba0000,0x0000000011da0000] byte_map_base: 0x0000000011593000

Marking Bits: (ParMarkBitMap*) 0x0000000071d34040
 Begin Bits: [0x0000000012170000, 0x0000000013108000)
 End Bits:   [0x0000000013108000, 0x00000000140a0000)

Polling page: 0x0000000000430000

CodeCache: size=245760Kb used=327Kb max_used=327Kb free=245432Kb
 bounds [0x00000000027e0000, 0x0000000002a50000, 0x00000000117e0000]
 total_blobs=56 nmethods=0 adapters=37
 compilation: enabled

Compilation events (0 events):
No events

GC Heap History (0 events):
No events

Deoptimization events (0 events):
No events

Internal exceptions (0 events):
No events

Events (10 events):
Event: 0.069 loading class java/lang/Short
Event: 0.069 loading class java/lang/Short done
Event: 0.069 loading class java/lang/Integer
Event: 0.069 loading class java/lang/Integer done
Event: 0.069 loading class java/lang/Long
Event: 0.069 loading class java/lang/Long done
Event: 0.070 loading class java/lang/NullPointerException
Event: 0.070 loading class java/lang/NullPointerException done
Event: 0.070 loading class java/lang/ArithmeticException
Event: 0.070 loading class java/lang/ArithmeticException done


Dynamic libraries:
0x000000013fd60000 - 0x000000013fd97000 	C:\Program Files\Java\jdk1.8.0_45\bin\java.exe
0x0000000077280000 - 0x000000007742b000 	C:\Windows\SYSTEM32\ntdll.dll
0x0000000077160000 - 0x000000007727f000 	C:\Windows\system32\kernel32.dll
0x000007fefd290000 - 0x000007fefd2fb000 	C:\Windows\system32\KERNELBASE.dll
0x000007fefee10000 - 0x000007fefeeeb000 	C:\Windows\system32\ADVAPI32.dll
0x000007feff190000 - 0x000007feff22f000 	C:\Windows\system32\msvcrt.dll
0x000007feff230000 - 0x000007feff24f000 	C:\Windows\SYSTEM32\sechost.dll
0x000007fefd9c0000 - 0x000007fefdaee000 	C:\Windows\system32\RPCRT4.dll
0x0000000077060000 - 0x000000007715a000 	C:\Windows\system32\USER32.dll
0x000007feff120000 - 0x000007feff187000 	C:\Windows\system32\GDI32.dll
0x000007fefdaf0000 - 0x000007fefdafe000 	C:\Windows\system32\LPK.dll
0x000007feff3d0000 - 0x000007feff49a000 	C:\Windows\system32\USP10.dll
0x000007fefbb80000 - 0x000007fefbd74000 	C:\Windows\WinSxS\amd64_microsoft.windows.common-controls_6595b64144ccf1df_6.0.7600.16385_none_fa645303170382f6\COMCTL32.dll
0x000007fefdd40000 - 0x000007fefddb1000 	C:\Windows\system32\SHLWAPI.dll
0x000007fefd650000 - 0x000007fefd67e000 	C:\Windows\system32\IMM32.DLL
0x000007fefed00000 - 0x000007fefee09000 	C:\Windows\system32\MSCTF.dll
0x0000000073d20000 - 0x0000000073df2000 	C:\Program Files\Java\jdk1.8.0_45\jre\bin\msvcr100.dll
0x0000000071530000 - 0x0000000071db3000 	C:\Program Files\Java\jdk1.8.0_45\jre\bin\server\jvm.dll
0x000007fef46b0000 - 0x000007fef46b9000 	C:\Windows\system32\WSOCK32.dll
0x000007fefeef0000 - 0x000007fefef3d000 	C:\Windows\system32\WS2_32.dll
0x000007fefdd30000 - 0x000007fefdd38000 	C:\Windows\system32\NSI.dll
0x000007fefa960000 - 0x000007fefa99b000 	C:\Windows\system32\WINMM.dll
0x000007fefc350000 - 0x000007fefc35c000 	C:\Windows\system32\VERSION.dll
0x0000000077450000 - 0x0000000077457000 	C:\Windows\system32\PSAPI.DLL
0x0000000074b10000 - 0x0000000074b1f000 	C:\Program Files\Java\jdk1.8.0_45\jre\bin\verify.dll
0x0000000074ae0000 - 0x0000000074b09000 	C:\Program Files\Java\jdk1.8.0_45\jre\bin\java.dll
0x0000000074580000 - 0x0000000074596000 	C:\Program Files\Java\jdk1.8.0_45\jre\bin\zip.dll
0x000007fef87b0000 - 0x000007fef88d5000 	C:\Windows\system32\dbghelp.dll

VM Arguments:
jvm_args: -Dfile.encoding=UTF-8 
java_command: javaapplication6.Admins
java_class_path (initial): C:\Program Files\glassfish-4.1.1\javadb\lib\derbyclient.jar;C:\Users\radhika\Documents\NetBeansProjects\JavaApplication6\build\classes
Launcher Type: SUN_STANDARD

Environment Variables:
PATH=C:\ProgramData\Oracle\Java\javapath;C:\oraclexe\app\oracle\product\10.2.0\server\bin;C:\Windows\system32;C:\Windows;C:\Windows\System32\Wbem;C:\Windows\System32\WindowsPowerShell\v1.0\;C:\Program Files (x86)\Microsoft SQL Server\100\Tools\Binn\;C:\Program Files (x86)\Microsoft SQL Server\100\DTS\Binn\;C:\Program Files (x86)\Microsoft SQL Server\100\Tools\Binn\VSShell\Common7\IDE\;
USERNAME=radhika
OS=Windows_NT
PROCESSOR_IDENTIFIER=Intel64 Family 6 Model 42 Stepping 7, GenuineIntel



---------------  S Y S T E M  ---------------

OS: Windows 7 , 64 bit Build 7600 (6.1.7600.16385)

CPU:total 2 (2 cores per cpu, 1 threads per core) family 6 model 42 stepping 7, cmov, cx8, fxsr, mmx, sse, sse2, sse3, ssse3, sse4.1, sse4.2, popcnt, clmul, tsc, tscinvbit

Memory: 4k page, physical 4087152k(833008k free), swap 16318664k(18264k free)

vm_info: Java HotSpot(TM) 64-Bit Server VM (25.45-b02) for windows-amd64 JRE (1.8.0_45-b15), built on Apr 30 2015 12:40:44 by "java_re" with MS VC++ 10.0 (VS2010)

time: Sun Feb 28 21:30:31 2021
elapsed time: 0 seconds (0d 0h 0m 0s)

